http://imagelytheme/wp-content/plugins
http://imagelytheme/wp-content/plugins
http://imagelytheme/wp-content/plugins
http://imagelytheme/wp-content/plugins
http://imagelytheme/wp-content/plugins
http://imagelytheme/wp-content/plugins
http://imagelytheme/wp-content/plugins
http://imagelytheme/wp-content/plugins
http://imagelytheme/wp-content/plugins
http://imagelytheme/wp-content/plugins
http://imagelytheme/wp-content/plugins/Scripts
http://imagelytheme/wp-content/plugins/Scripts
http://imagelytheme/wp-content/plugins/Scripts
http://imagelytheme/wp-content/plugins/Scripts
http://imagelytheme/wp-content/plugins/Scripts
http://imagelytheme/wp-content/plugins/Scripts
http://imagelytheme/wp-content/plugins/Scripts
http://imagelytheme/wp-content/plugins/Scripts
http://imagelytheme/wp-content/plugins/Scripts
http://imagelytheme/wp-content/plugins/Scripts
http://imagelytheme/wp-content/plugins/Scripts
NGG_PLUGIN_URL
NGG_PLUGIN_URL
NGG_PLUGIN_URL
NGG_PLUGIN_URL
NGG_PLUGIN_URL
NGG_PLUGIN_URL
NGG_PLUGIN_URL
NGG_PLUGIN_URL
NGG_PLUGIN_URL
NGG_PLUGIN_URL
http://imagelytheme/wp-content/plugins/NggPlusPlus/
http://imagelytheme/wp-content/plugins/NggPlusPlus/
http://imagelytheme/wp-content/plugins/NggPlusPlus/
http://imagelytheme/wp-content/plugins/NggPlusPlus/
http://imagelytheme/wp-content/plugins/NggPlusPlus/
http://imagelytheme/wp-content/plugins/NggPlusPlus/
http://imagelytheme/wp-content/plugins/NggPlusPlus/
http://imagelytheme/wp-content/plugins/NggPlusPlus/
http://imagelytheme/wp-content/plugins/NggPlusPlus/
http://imagelytheme/wp-content/plugins/NggPlusPlus/
NGPP_PLUGIN_ROOT_URL
NGPP_PLUGIN_ROOT_URL
NGPP_PLUGIN_ROOT_URL
NGPP_PLUGIN_ROOT_URL
NGPP_PLUGIN_ROOT_URL
NGPP_PLUGIN_ROOT_URL
NGPP_PLUGIN_ROOT_URL
NGPP_PLUGIN_ROOT_URL
NGPP_PLUGIN_ROOT_URL
NGPP_PLUGIN_ROOT_URL
NGPP_PLUGIN_ROOT_URL
NGPP_PLUGIN_ROOT_URL
NGPP_PLUGIN_ROOT_URL
NGPP_PLUGIN_ROOT_URL
http://imagelytheme/wp-content/plugins/NggPlusPlus/
http://imagelytheme/wp-content/plugins/NggPlusPlus/
http://imagelytheme/wp-content/plugins/NggPlusPlus/
http://imagelytheme/wp-content/plugins/NggPlusPlus/
http://imagelytheme/wp-content/plugins/NggPlusPlus/
http://imagelytheme/wp-content/plugins/NggPlusPlus/
http://imagelytheme/wp-content/plugins/NggPlusPlus/
Login good
UploadImage(): Image Number in Upload sequence 1 (pid=)
UploadImage(): Image Number in Upload sequence 6 (pid=)
UploadImage(): Image Number in Upload sequence 4 (pid=)
Login good
Login good
Login good
UploadImage(): returns pid=268 for image number 1
UploadImage(): returns pid=267 for image number 6
UploadImage(): returns pid=269 for image number 4
Login good
Sorting Gallery 
Login good
Login good
